/*C22*/SET SCHEMA PUBLIC
DISCONNECT
/*C23*/SET SCHEMA PUBLIC
INSERT INTO USERS VALUES('XAVIER','12345666')
COMMIT
DISCONNECT
/*C24*/SET SCHEMA PUBLIC
INSERT INTO USERS VALUES('Xavier','12345')
COMMIT
DISCONNECT
/*C25*/SET SCHEMA PUBLIC
INSERT INTO USERS VALUES('Adria123','grive')
COMMIT
DISCONNECT
/*C26*/SET SCHEMA PUBLIC
INSERT INTO USERS VALUES('Alex','Vargas')
COMMIT
DISCONNECT
/*C27*/SET SCHEMA PUBLIC
INSERT INTO USERS VALUES('usuari2','password2')
COMMIT
DISCONNECT
/*C28*/SET SCHEMA PUBLIC
DISCONNECT
/*C29*/SET SCHEMA PUBLIC
DISCONNECT
/*C30*/SET SCHEMA PUBLIC
INSERT INTO USERS VALUES('Adria123123123','password')
COMMIT
DISCONNECT
/*C31*/SET SCHEMA PUBLIC
DISCONNECT
/*C32*/SET SCHEMA PUBLIC
INSERT INTO USERS VALUES('asd','password')
COMMIT
DISCONNECT
/*C33*/SET SCHEMA PUBLIC
INSERT INTO USERS VALUES('adria','password')
COMMIT
DISCONNECT
/*C34*/SET SCHEMA PUBLIC
DISCONNECT
/*C35*/SET SCHEMA PUBLIC
DISCONNECT
/*C36*/SET SCHEMA PUBLIC
DISCONNECT
/*C37*/SET SCHEMA PUBLIC
DISCONNECT
/*C38*/SET SCHEMA PUBLIC
DISCONNECT
/*C39*/SET SCHEMA PUBLIC
DISCONNECT
/*C40*/SET SCHEMA PUBLIC
DISCONNECT
/*C41*/SET SCHEMA PUBLIC
INSERT INTO USERS VALUES('123','')
COMMIT
DISCONNECT
/*C42*/SET SCHEMA PUBLIC
DISCONNECT
/*C43*/SET SCHEMA PUBLIC
INSERT INTO USERS VALUES('1234','')
COMMIT
DISCONNECT
/*C44*/SET SCHEMA PUBLIC
DISCONNECT
/*C45*/SET SCHEMA PUBLIC
DISCONNECT
/*C46*/SET SCHEMA PUBLIC
DISCONNECT
/*C47*/SET SCHEMA PUBLIC
DISCONNECT
/*C48*/SET SCHEMA PUBLIC
DISCONNECT
/*C49*/SET SCHEMA PUBLIC
DISCONNECT
/*C50*/SET SCHEMA PUBLIC
DISCONNECT
/*C51*/SET SCHEMA PUBLIC
INSERT INTO USERS VALUES('12341231231','')
COMMIT
DISCONNECT
/*C52*/SET SCHEMA PUBLIC
DISCONNECT
